{"/Users/vyppn/workspace/homework/src/repository/discount.ts": {"path":"/Users/vyppn/workspace/homework/src/repository/discount.ts","statementMap":{"0":{"start":{"line":7,"column":8},"end":{"line":7,"column":null}},"1":{"start":{"line":10,"column":8},"end":{"line":10,"column":62}},"2":{"start":{"line":4,"column":0},"end":{"line":4,"column":13}},"3":{"start":{"line":20,"column":8},"end":{"line":20,"column":null}},"4":{"start":{"line":21,"column":8},"end":{"line":21,"column":null}},"5":{"start":{"line":22,"column":8},"end":{"line":22,"column":null}},"6":{"start":{"line":26,"column":8},"end":{"line":26,"column":54}},"7":{"start":{"line":26,"column":41},"end":{"line":26,"column":54}},"8":{"start":{"line":27,"column":8},"end":{"line":27,"column":null}},"9":{"start":{"line":27,"column":47},"end":{"line":27,"column":null}},"10":{"start":{"line":28,"column":8},"end":{"line":28,"column":null}},"11":{"start":{"line":14,"column":0},"end":{"line":14,"column":13}}},"fnMap":{"0":{"name":"(anonymous_0)","decl":{"start":{"line":6,"column":4},"end":{"line":6,"column":16}},"loc":{"start":{"line":6,"column":39},"end":{"line":8,"column":5}}},"1":{"name":"(anonymous_1)","decl":{"start":{"line":9,"column":4},"end":{"line":9,"column":13}},"loc":{"start":{"line":9,"column":61},"end":{"line":11,"column":5}}},"2":{"name":"(anonymous_2)","decl":{"start":{"line":19,"column":4},"end":{"line":19,"column":16}},"loc":{"start":{"line":19,"column":80},"end":{"line":23,"column":5}}},"3":{"name":"(anonymous_3)","decl":{"start":{"line":25,"column":4},"end":{"line":25,"column":13}},"loc":{"start":{"line":25,"column":61},"end":{"line":29,"column":5}}}},"branchMap":{"0":{"loc":{"start":{"line":26,"column":8},"end":{"line":26,"column":54}},"type":"if","locations":[{"start":{"line":26,"column":8},"end":{"line":26,"column":54}}]},"1":{"loc":{"start":{"line":27,"column":8},"end":{"line":27,"column":null}},"type":"if","locations":[{"start":{"line":27,"column":8},"end":{"line":27,"column":null}}]}},"s":{"0":4,"1":5,"2":3,"3":7,"4":7,"5":7,"6":7,"7":2,"8":5,"9":2,"10":3,"11":3},"f":{"0":4,"1":5,"2":7,"3":7},"b":{"0":[2],"1":[2]}}
,"/Users/vyppn/workspace/homework/src/repository/food.ts": {"path":"/Users/vyppn/workspace/homework/src/repository/food.ts","statementMap":{"0":{"start":{"line":4,"column":0},"end":{"line":4,"column":47}},"1":{"start":{"line":11,"column":8},"end":{"line":11,"column":null}},"2":{"start":{"line":15,"column":20},"end":{"line":15,"column":44}},"3":{"start":{"line":17,"column":8},"end":{"line":21,"column":null}},"4":{"start":{"line":18,"column":12},"end":{"line":20,"column":null}},"5":{"start":{"line":19,"column":16},"end":{"line":19,"column":null}},"6":{"start":{"line":23,"column":8},"end":{"line":23,"column":null}},"7":{"start":{"line":7,"column":0},"end":{"line":7,"column":13}}},"fnMap":{"0":{"name":"(anonymous_0)","decl":{"start":{"line":10,"column":4},"end":{"line":10,"column":16}},"loc":{"start":{"line":10,"column":48},"end":{"line":12,"column":5}}},"1":{"name":"(anonymous_1)","decl":{"start":{"line":14,"column":4},"end":{"line":14,"column":12}},"loc":{"start":{"line":14,"column":23},"end":{"line":24,"column":5}}},"2":{"name":"(anonymous_2)","decl":{"start":{"line":18,"column":41},"end":{"line":18,"column":42}},"loc":{"start":{"line":18,"column":66},"end":{"line":20,"column":13}}}},"branchMap":{"0":{"loc":{"start":{"line":17,"column":8},"end":{"line":21,"column":null}},"type":"if","locations":[{"start":{"line":17,"column":8},"end":{"line":21,"column":null}}]},"1":{"loc":{"start":{"line":17,"column":11},"end":{"line":17,"column":66}},"type":"binary-expr","locations":[{"start":{"line":17,"column":11},"end":{"line":17,"column":31}},{"start":{"line":17,"column":35},"end":{"line":17,"column":66}}]}},"s":{"0":3,"1":10,"2":9,"3":9,"4":7,"5":8,"6":9,"7":3},"f":{"0":10,"1":9,"2":8},"b":{"0":[7],"1":[9,8]}}
,"/Users/vyppn/workspace/homework/src/service/calculator.ts": {"path":"/Users/vyppn/workspace/homework/src/service/calculator.ts","statementMap":{"0":{"start":{"line":12,"column":4},"end":{"line":18,"column":null}},"1":{"start":{"line":13,"column":8},"end":{"line":17,"column":null}},"2":{"start":{"line":14,"column":24},"end":{"line":14,"column":64}},"3":{"start":{"line":15,"column":12},"end":{"line":15,"column":null}},"4":{"start":{"line":16,"column":12},"end":{"line":16,"column":null}},"5":{"start":{"line":9,"column":8},"end":{"line":9,"column":null}},"6":{"start":{"line":5,"column":0},"end":{"line":5,"column":13}}},"fnMap":{"0":{"name":"(anonymous_0)","decl":{"start":{"line":8,"column":4},"end":{"line":8,"column":16}},"loc":{"start":{"line":8,"column":46},"end":{"line":10,"column":5}}},"1":{"name":"(anonymous_1)","decl":{"start":{"line":12,"column":15},"end":{"line":12,"column":16}},"loc":{"start":{"line":12,"column":41},"end":{"line":18,"column":5}}},"2":{"name":"(anonymous_2)","decl":{"start":{"line":13,"column":28},"end":{"line":13,"column":29}},"loc":{"start":{"line":13,"column":56},"end":{"line":17,"column":9}}}},"branchMap":{},"s":{"0":10,"1":8,"2":11,"3":11,"4":11,"5":10,"6":3},"f":{"0":10,"1":8,"2":11},"b":{}}
,"/Users/vyppn/workspace/homework/src/utils/factory.ts": {"path":"/Users/vyppn/workspace/homework/src/utils/factory.ts","statementMap":{"0":{"start":{"line":2,"column":0},"end":{"line":2,"column":47}},"1":{"start":{"line":4,"column":0},"end":{"line":4,"column":50}},"2":{"start":{"line":5,"column":0},"end":{"line":5,"column":53}},"3":{"start":{"line":11,"column":8},"end":{"line":11,"column":null}},"4":{"start":{"line":15,"column":8},"end":{"line":15,"column":null}},"5":{"start":{"line":15,"column":31},"end":{"line":15,"column":null}},"6":{"start":{"line":16,"column":21},"end":{"line":16,"column":65}},"7":{"start":{"line":17,"column":8},"end":{"line":17,"column":null}},"8":{"start":{"line":7,"column":0},"end":{"line":7,"column":13}}},"fnMap":{"0":{"name":"(anonymous_0)","decl":{"start":{"line":10,"column":4},"end":{"line":10,"column":16}},"loc":{"start":{"line":10,"column":55},"end":{"line":12,"column":5}}},"1":{"name":"(anonymous_1)","decl":{"start":{"line":14,"column":4},"end":{"line":14,"column":24}},"loc":{"start":{"line":14,"column":35},"end":{"line":18,"column":5}}}},"branchMap":{"0":{"loc":{"start":{"line":11,"column":38},"end":{"line":11,"column":66}},"type":"binary-expr","locations":[{"start":{"line":11,"column":38},"end":{"line":11,"column":60}},{"start":{"line":11,"column":64},"end":{"line":11,"column":66}}]},"1":{"loc":{"start":{"line":15,"column":8},"end":{"line":15,"column":null}},"type":"if","locations":[{"start":{"line":15,"column":8},"end":{"line":15,"column":null}}]}},"s":{"0":2,"1":2,"2":2,"3":8,"4":8,"5":3,"6":8,"7":8,"8":2},"f":{"0":8,"1":8},"b":{"0":[8,4],"1":[3]}}
}
