TN:
SF:bin/internal/domain/food.js
FN:5,(anonymous_0)
FNF:1
FNH:1
FNDA:5,(anonymous_0)
DA:2,5
DA:3,5
DA:5,5
DA:6,5
DA:7,5
DA:8,5
DA:9,5
DA:10,5
DA:11,5
DA:12,5
LF:10
LH:10
BRDA:13,0,0,5
BRDA:13,0,1,5
BRF:2
BRH:2
end_of_record
TN:
SF:bin/mocks/calculator.js
FN:6,(anonymous_0)
FN:9,(anonymous_1)
FN:10,(anonymous_2)
FNF:3
FNH:3
FNDA:4,(anonymous_0)
FNDA:4,(anonymous_1)
FNDA:5,(anonymous_2)
DA:2,1
DA:3,1
DA:4,1
DA:7,4
DA:10,4
DA:11,5
DA:12,5
DA:13,5
DA:17,1
LF:9
LH:9
BRF:0
BRH:0
end_of_record
TN:
SF:bin/mocks/datasource.js
FNF:0
FNH:0
DA:2,5
DA:3,5
DA:4,5
DA:5,5
DA:44,5
LF:5
LH:5
BRF:0
BRH:0
end_of_record
TN:
SF:bin/mocks/discount.js
FN:5,(anonymous_0)
FN:8,(anonymous_1)
FNF:2
FNH:2
FNDA:2,(anonymous_0)
FNDA:3,(anonymous_1)
DA:2,2
DA:3,2
DA:6,2
DA:9,3
DA:12,2
LF:5
LH:5
BRF:0
BRH:0
end_of_record
TN:
SF:bin/mocks/factory.js
FN:6,(anonymous_0)
FNF:1
FNH:1
FNDA:1,(anonymous_0)
DA:2,1
DA:3,1
DA:4,1
DA:7,1
DA:8,1
DA:11,1
LF:6
LH:6
BRF:0
BRH:0
end_of_record
TN:
SF:bin/mocks/food.js
FN:5,(anonymous_0)
FN:9,(anonymous_1)
FNF:2
FNH:2
FNDA:2,(anonymous_0)
FNDA:4,(anonymous_1)
DA:2,1
DA:3,1
DA:6,2
DA:7,2
DA:10,4
DA:11,2
DA:12,2
DA:15,1
LF:8
LH:8
BRDA:10,0,0,2
BRDA:10,0,1,2
BRF:2
BRH:2
end_of_record
TN:
SF:bin/repository/discount.js
FN:5,(anonymous_0)
FN:8,(anonymous_1)
FN:14,(anonymous_2)
FN:19,(anonymous_3)
FNF:4
FNH:4
FNDA:4,(anonymous_0)
FNDA:5,(anonymous_1)
FNDA:7,(anonymous_2)
FNDA:7,(anonymous_3)
DA:2,3
DA:3,3
DA:6,4
DA:9,5
DA:12,3
DA:15,7
DA:16,7
DA:17,7
DA:20,7
DA:21,2
DA:22,5
DA:23,2
DA:24,3
DA:27,3
LF:14
LH:14
BRDA:20,0,0,2
BRDA:20,0,1,5
BRDA:22,1,0,2
BRDA:22,1,1,3
BRF:4
BRH:4
end_of_record
TN:
SF:bin/repository/food.js
FN:6,(anonymous_0)
FN:9,(anonymous_1)
FN:12,(anonymous_2)
FNF:3
FNH:3
FNDA:10,(anonymous_0)
FNDA:9,(anonymous_1)
FNDA:8,(anonymous_2)
DA:2,3
DA:3,3
DA:4,3
DA:7,10
DA:10,9
DA:11,9
DA:12,7
DA:13,8
DA:16,9
DA:19,3
LF:10
LH:10
BRDA:11,0,0,7
BRDA:11,0,1,2
BRDA:11,1,0,9
BRDA:11,1,1,8
BRF:4
BRH:4
end_of_record
TN:
SF:bin/service/calculator.js
FN:5,(anonymous_0)
FN:6,(anonymous_1)
FN:7,(anonymous_2)
FNF:3
FNH:3
FNDA:10,(anonymous_0)
FNDA:8,(anonymous_1)
FNDA:11,(anonymous_2)
DA:2,3
DA:3,3
DA:6,10
DA:7,8
DA:8,11
DA:9,11
DA:10,11
DA:13,10
DA:16,3
LF:9
LH:9
BRF:0
BRH:0
end_of_record
TN:
SF:bin/utils/factory.js
FN:8,(anonymous_0)
FN:11,(anonymous_1)
FNF:2
FNH:2
FNDA:8,(anonymous_0)
FNDA:8,(anonymous_1)
DA:2,2
DA:3,2
DA:4,2
DA:5,2
DA:6,2
DA:9,8
DA:12,8
DA:13,3
DA:14,8
DA:15,8
DA:18,2
LF:11
LH:11
BRDA:9,0,0,8
BRDA:9,0,1,4
BRDA:12,1,0,3
BRDA:12,1,1,5
BRF:4
BRH:4
end_of_record
TN:
SF:src/repository/discount.ts
FN:6,(anonymous_0)
FN:9,(anonymous_1)
FN:19,(anonymous_2)
FN:25,(anonymous_3)
FNF:4
FNH:4
FNDA:4,(anonymous_0)
FNDA:5,(anonymous_1)
FNDA:7,(anonymous_2)
FNDA:7,(anonymous_3)
DA:4,3
DA:7,4
DA:10,5
DA:14,3
DA:20,7
DA:21,7
DA:22,7
DA:26,7
DA:27,5
DA:28,3
LF:10
LH:10
BRDA:26,0,0,2
BRDA:27,1,0,2
BRF:2
BRH:2
end_of_record
TN:
SF:src/repository/food.ts
FN:10,(anonymous_0)
FN:14,(anonymous_1)
FN:18,(anonymous_2)
FNF:3
FNH:3
FNDA:10,(anonymous_0)
FNDA:9,(anonymous_1)
FNDA:8,(anonymous_2)
DA:4,3
DA:7,3
DA:11,10
DA:15,9
DA:17,9
DA:18,7
DA:19,8
DA:23,9
LF:8
LH:8
BRDA:17,0,0,7
BRDA:17,1,0,9
BRDA:17,1,1,8
BRF:3
BRH:3
end_of_record
TN:
SF:src/service/calculator.ts
FN:8,(anonymous_0)
FN:12,(anonymous_1)
FN:13,(anonymous_2)
FNF:3
FNH:3
FNDA:10,(anonymous_0)
FNDA:8,(anonymous_1)
FNDA:11,(anonymous_2)
DA:5,3
DA:9,10
DA:12,10
DA:13,8
DA:14,11
DA:15,11
DA:16,11
LF:7
LH:7
BRF:0
BRH:0
end_of_record
TN:
SF:src/utils/factory.ts
FN:10,(anonymous_0)
FN:14,(anonymous_1)
FNF:2
FNH:2
FNDA:8,(anonymous_0)
FNDA:8,(anonymous_1)
DA:2,2
DA:4,2
DA:5,2
DA:7,2
DA:11,8
DA:15,8
DA:16,8
DA:17,8
LF:8
LH:8
BRDA:11,0,0,8
BRDA:11,0,1,4
BRDA:15,1,0,3
BRF:3
BRH:3
end_of_record
