TN:
SF:src/repository/discount.ts
FN:6,(anonymous_0)
FN:9,(anonymous_1)
FN:19,(anonymous_2)
FN:25,(anonymous_3)
FNF:4
FNH:4
FNDA:4,(anonymous_0)
FNDA:5,(anonymous_1)
FNDA:7,(anonymous_2)
FNDA:7,(anonymous_3)
DA:4,3
DA:7,4
DA:10,5
DA:14,3
DA:20,7
DA:21,7
DA:22,7
DA:26,7
DA:27,5
DA:28,3
LF:10
LH:10
BRDA:26,0,0,2
BRDA:27,1,0,2
BRF:2
BRH:2
end_of_record
TN:
SF:src/repository/food.ts
FN:10,(anonymous_0)
FN:14,(anonymous_1)
FN:18,(anonymous_2)
FNF:3
FNH:3
FNDA:10,(anonymous_0)
FNDA:9,(anonymous_1)
FNDA:8,(anonymous_2)
DA:4,3
DA:7,3
DA:11,10
DA:15,9
DA:17,9
DA:18,7
DA:19,8
DA:23,9
LF:8
LH:8
BRDA:17,0,0,7
BRDA:17,1,0,9
BRDA:17,1,1,8
BRF:3
BRH:3
end_of_record
TN:
SF:src/service/calculator.ts
FN:8,(anonymous_0)
FN:12,(anonymous_1)
FN:13,(anonymous_2)
FNF:3
FNH:3
FNDA:10,(anonymous_0)
FNDA:8,(anonymous_1)
FNDA:11,(anonymous_2)
DA:5,3
DA:9,10
DA:12,10
DA:13,8
DA:14,11
DA:15,11
DA:16,11
LF:7
LH:7
BRF:0
BRH:0
end_of_record
TN:
SF:src/utils/factory.ts
FN:10,(anonymous_0)
FN:14,(anonymous_1)
FNF:2
FNH:2
FNDA:8,(anonymous_0)
FNDA:8,(anonymous_1)
DA:2,2
DA:4,2
DA:5,2
DA:7,2
DA:11,8
DA:15,8
DA:16,8
DA:17,8
LF:8
LH:8
BRDA:11,0,0,8
BRDA:11,0,1,4
BRDA:15,1,0,3
BRF:3
BRH:3
end_of_record
